один
тридцать один миллион триста семьдесят девять тысяч девятьсот сорок
восемьсот шестьдесят один миллион сорок восемь тысяч четыреста шестьдесят семь
двести два миллиона пятьсот восемьдесят тысяч девятьсот шестьдесят пять
двести семьдесят два миллиона девятьсот двадцать одна тысяча двести шестьдесят семь
шестьсот семьдесят один миллион шестьсот пятьдесят четыре тысячи четыреста восемнадцать
триста восемнадцать миллионов шестьсот девяносто одна тысяча двести семьдесят один
сто шестьдесят один миллион семьсот девяносто пять тысяч четыреста шестьдесят шесть
триста семьдесят два миллиона двести тридцать восемь тысяч триста пятьдесят девять
четыреста двадцать пять миллионов шестьсот семьдесят три тысячи семьсот шестьдесят восемь
восемьдесят два миллиона двенадцать тысяч сто шестьдесят
четыреста семьдесят четыре миллиона семьсот девяносто четыре тысячи шестьдесят пять
семьдесят миллионов пятьсот шестьдесят девять тысяч триста тридцать один
восемьсот сорок миллионов восемьсот пятьдесят четыре тысячи четыреста тридцать четыре
пятьдесят девять миллионов семьсот двадцать четыре тысячи двести тридцать пять
двести девяносто три миллиона двести девяносто шесть тысяч пятьсот семьдесят два
девятьсот семнадцать миллионов двести восемьдесят четыре тысячи семьсот восемь
триста шестьдесят семь миллионов девятьсот шесть тысяч четыреста семьдесят девять
семьсот семьдесят четыре миллиона шестьсот шестьдесят четыре тысячи восемьсот девяносто семь
триста двадцать семь миллионов девятьсот двадцать пять тысяч пятьсот тридцать шесть
шестьсот девяносто семь миллионов шестьсот семьдесят четыре тысячи девятьсот семьдесят четыре
восемьсот сорок четыре миллиона сто семьдесят тысяч девятьсот шестьдесят девять
семьсот семнадцать миллионов девятьсот восемьдесят две тысячи восемьсот пятьдесят семь
триста шесть миллионов шестьсот сорок одна тысяча триста пять
сто шестьдесят два миллиона шестьсот двадцать пять тысяч восемьсот пятьдесят два
триста двадцать девять миллионов четыреста девяносто шесть тысяч четыреста пятьдесят четыре
четыреста шестьдесят шесть миллионов двадцать тысяч четыреста пятьдесят девять
двести сорок шесть миллионов шестьсот пятьдесят три тысячи шестьсот сорок семь
восемьсот двадцать пять миллионов шестьсот семьдесят шесть тысяч четыреста шестнадцать
двести семьдесят девять миллионов двадцать девять тысяч четыреста восемьдесят четыре
четыреста восемьдесят один миллион семьсот шестьдесят шесть тысяч триста восемнадцать
сто сорок девять миллионов сто восемьдесят четыре тысячи девятьсот тридцать пять
восемьсот семьдесят четыре миллиона триста тридцать пять тысяч тринадцать
двести восемьдесят семь миллионов двести девяносто четыре тысячи двести три
семьсот семьдесят два миллиона семьсот пятьдесят три тысячи двести шестьдесят восемь
девятьсот семьдесят шесть миллионов четыреста пятьдесят девять тысяч восемьсот восемьдесят девять
четыреста девяносто два миллиона пятьсот двадцать семь тысяч девятьсот восемьдесят семь
восемьсот восемьдесят семь миллионов девятьсот тридцать шесть тысяч четыре
восемьсот двадцать семь миллионов двести семьдесят шесть тысяч шестьсот двадцать семь
двадцать миллионов двести девяносто шесть тысяч восемьсот девяносто три
сто сорок один миллион пятьдесят шесть тысяч двести двадцать три
сто сорок три миллиона пятьсот четыре тысячи двести сорок
пятьсот миллионов восемьсот семь тысяч семьсот шестьдесят восемь
двадцать один миллион шестьсот семьдесят пять тысяч восемьсот пятьдесят три
пятьсот девяносто два миллиона девятьсот тридцать четыре тысячи пятьсот пять
девять миллионов шестьсот сорок девять тысяч
семьсот семьдесят четыре миллиона четыреста семьдесят восемь тысяч четыре
шестьсот пятьдесят миллионов шестьсот пятьдесят семь тысяч шестьсот сорок два
семьсот семьдесят миллионов четыреста восемьдесят восемь тысяч шестьсот восемьдесят три
семьсот восемь миллионов сто шесть тысяч девятьсот пятьдесят пять
пятьсот пятьдесят семь миллионов пятьсот семь тысяч семьсот девяносто четыре
двести шесть миллионов тридцать тысяч девяносто шесть
шестьсот восемьдесят один миллион восемьдесят пять тысяч шестьсот пятьдесят три
пятьсот девяносто два миллиона восемьсот пятьдесят одна тысяча двести пятьдесят пять
девятьсот пятьдесят пять миллионов четыреста пятьдесят шесть тысяч двести сорок восемь
шестьсот сорок четыре миллиона пятьдесят пять тысяч пятьсот шестьдесят два
девятьсот девяносто восемь миллионов триста семьдесят одна тысяча сто сорок восемь
двести сорок три миллиона семьсот восемьдесят тысяч четыреста девяносто семь
шестьсот семьдесят шесть миллионов сто шестьдесят пять тысяч девятьсот пятьдесят пять
двести девяносто пять миллионов шестьсот девяносто пять тысяч тридцать
восемьдесят пять миллионов восемьсот девяносто тысяч триста пятьдесят один
семьсот семьдесят два миллиона триста двадцать одна тысяча семьсот сорок восемь
четыреста девяносто пять миллионов двести семьдесят восемь тысяч сто семнадцать
восемьсот восемьдесят один миллион шестьсот восемьдесят три тысячи восемьсот одиннадцать
пятьсот девять миллионов девятьсот шестьдесят шесть тысяч двести девяносто девять
пятьсот семьдесят три миллиона триста двадцать две тысячи шестьсот сорок
девятьсот пятьдесят три миллиона сто девяносто три тысячи один
шестьсот восемьдесят четыре миллиона восемьсот тридцать три тысячи семьсот восемьдесят шесть
триста тридцать восемь миллионов семьсот одиннадцать тысяч сто тридцать один
семь миллионов шестьсот семь тысяч пятьсот двадцать один
семьсот пять миллионов триста пятьдесят тысяч шестьсот девяносто девять
девятьсот восемьдесят восемь миллионов девятьсот тридцать семь тысяч двести двенадцать
семьсот семьдесят четыре миллиона сорок пять тысяч сто пятнадцать
семьсот сорок девять миллионов пятьсот семьдесят две тысячи шестьсот шестьдесят четыре
сто девяносто семь миллионов семьсот семь тысяч двести четыре
сто сорок три миллиона шестьсот сорок семь тысяч девяносто пять
девятьсот тринадцать миллионов пятьсот девяносто восемь тысяч пятьсот шестнадцать
семьсот восемьдесят четыре миллиона сто девяносто пять тысяч пятьсот пятьдесят шесть
пятьсот восемьдесят девять миллионов двести восемьдесят тысяч семьсот девяносто два
восемьсот шестьдесят четыре миллиона семьсот девять тысяч сто двадцать
шестьсот восемьдесят девять миллионов триста семьдесят одна тысяча двести пятьдесят четыре
двести восемьдесят семь миллионов восемьсот тридцать три тысячи двести двадцать семь
девяносто три миллиона шестьсот сорок три тысячи семьсот двадцать девять
шестьсот двадцать восемь миллионов девятьсот двадцать тысяч сто пятьдесят пять
двести восемьдесят миллионов двадцать пять тысяч триста девяносто два
восемьсот семьдесят семь миллионов сто восемьдесят четыре тысячи шестьсот пятьдесят шесть
сто шестьдесят один миллион двести тридцать четыре тысячи двести семьдесят четыре
двести семьдесят три миллиона сто восемьдесят восемь тысяч триста три
пятьсот сорок три миллиона шестьсот восемьдесят пять тысяч четыреста двадцать три
девятьсот шестьдесят миллионов семьсот девяносто две тысячи двести тридцать девять
сто семьдесят четыре миллиона триста шестьдесят четыре тысячи десять
сто пятьдесят семь миллионов шестьдесят девять тысяч пятьсот двадцать
двести шестьдесят восемь миллионов сто двадцать одна тысяча триста восемьдесят два
сто семьдесят семь миллионов четыреста пятьдесят семь тысяч триста тринадцать
пятьсот семьдесят шесть миллионов семьсот девяносто пять тысяч четыреста семьдесят восемь
четыреста девяносто восемь миллионов сто пятьдесят пять тысяч восемьсот десять
двести восемьдесят пять миллионов сто восемьдесят девять тысяч семьсот пятьдесят шесть
сто пятьдесят пять миллионов девятьсот сорок четыре тысячи семьсот сорок четыре
шестьсот девять миллионов семьсот шестьдесят пять тысяч сто двадцать семь
семьсот тридцать девять миллионов шестьсот восемьдесят девять тысяч девятьсот шестьдесят
