
14.02.2004 23:28:01 RUN 0.9alpha by Kitten Computing

14.02.2004 23:28:01 Testing solution, in=d.in, out=d.out, ext=u, tl=100000000, ml=100000000

14.02.2004 23:28:01 Running on test 01
14.02.2004 23:28:01 Unable to determine memory usage properties for PID=632
14.02.2004 23:28:01 Processor time used: system=10,01440 ms, user=20,02880 ms total=30,04320 ms.
14.02.2004 23:28:01 Factical execution time: 190 ms
14.02.2004 23:28:01 Maximal memory usage: 568 Kb
14.02.2004 23:28:01 Successful termination
14.02.2004 23:28:01 Checker result: Accepted
14.02.2004 23:28:01 Checker comments:
* ok * 

14.02.2004 23:28:01 Running on test 02
14.02.2004 23:28:02 Unable to determine memory usage properties for PID=692
14.02.2004 23:28:02 Unable to determine memory usage properties for PID=692
14.02.2004 23:28:02 Processor time used: system=20,02880 ms, user=10,01440 ms total=30,04320 ms.
14.02.2004 23:28:02 Factical execution time: 161 ms
14.02.2004 23:28:02 Maximal memory usage: 572 Kb
14.02.2004 23:28:02 Successful termination
14.02.2004 23:28:02 Checker result: Accepted
14.02.2004 23:28:02 Checker comments:
* ok * 

14.02.2004 23:28:02 Running on test 03
14.02.2004 23:28:02 Unable to determine memory usage properties for PID=1012
14.02.2004 23:28:02 Unable to determine memory usage properties for PID=1012
14.02.2004 23:28:02 Processor time used: system=30,04320 ms, user=10,01440 ms total=40,05760 ms.
14.02.2004 23:28:02 Factical execution time: 180 ms
14.02.2004 23:28:02 Maximal memory usage: 572 Kb
14.02.2004 23:28:02 Successful termination
14.02.2004 23:28:02 Checker result: Accepted
14.02.2004 23:28:02 Checker comments:
* ok * 

14.02.2004 23:28:02 Running on test 04
14.02.2004 23:28:02 Unable to determine memory usage properties for PID=412
14.02.2004 23:28:02 Processor time used: system=0,00000 ms, user=20,02880 ms total=20,02880 ms.
14.02.2004 23:28:02 Factical execution time: 190 ms
14.02.2004 23:28:02 Maximal memory usage: 572 Kb
14.02.2004 23:28:02 Successful termination
14.02.2004 23:28:02 Checker result: Accepted
14.02.2004 23:28:02 Checker comments:
* ok * 

14.02.2004 23:28:02 Running on test 05
14.02.2004 23:28:02 Unable to determine memory usage properties for PID=1280
14.02.2004 23:28:02 Processor time used: system=20,02880 ms, user=10,01440 ms total=30,04320 ms.
14.02.2004 23:28:02 Factical execution time: 171 ms
14.02.2004 23:28:02 Maximal memory usage: 568 Kb
14.02.2004 23:28:02 Successful termination
14.02.2004 23:28:02 Checker result: Accepted
14.02.2004 23:28:02 Checker comments:
* ok * 

14.02.2004 23:28:02 Running on test 06
14.02.2004 23:28:03 Unable to determine memory usage properties for PID=1148
14.02.2004 23:28:03 Processor time used: system=20,02880 ms, user=10,01440 ms total=30,04320 ms.
14.02.2004 23:28:03 Factical execution time: 190 ms
14.02.2004 23:28:03 Maximal memory usage: 572 Kb
14.02.2004 23:28:03 Successful termination
14.02.2004 23:28:03 Checker result: Accepted
14.02.2004 23:28:03 Checker comments:
* ok * 

14.02.2004 23:28:03 Running on test 07
14.02.2004 23:28:03 Unable to determine memory usage properties for PID=1376
14.02.2004 23:28:03 Unable to determine memory usage properties for PID=1376
14.02.2004 23:28:03 Processor time used: system=30,04320 ms, user=10,01440 ms total=40,05760 ms.
14.02.2004 23:28:03 Factical execution time: 180 ms
14.02.2004 23:28:03 Maximal memory usage: 568 Kb
14.02.2004 23:28:03 Successful termination
14.02.2004 23:28:03 Checker result: Accepted
14.02.2004 23:28:03 Checker comments:
* ok * 

14.02.2004 23:28:03 Running on test 08
14.02.2004 23:28:03 Unable to determine memory usage properties for PID=336
14.02.2004 23:28:03 Unable to determine memory usage properties for PID=336
14.02.2004 23:28:03 Processor time used: system=30,04320 ms, user=10,01440 ms total=40,05760 ms.
14.02.2004 23:28:03 Factical execution time: 111 ms
14.02.2004 23:28:03 Maximal memory usage: 492 Kb
14.02.2004 23:28:03 Successful termination
14.02.2004 23:28:03 Checker result: Accepted
14.02.2004 23:28:03 Checker comments:
* ok * 

14.02.2004 23:28:03 Running on test 09
14.02.2004 23:28:03 Unable to determine memory usage properties for PID=1352
14.02.2004 23:28:03 Processor time used: system=30,04320 ms, user=10,01440 ms total=40,05760 ms.
14.02.2004 23:28:03 Factical execution time: 130 ms
14.02.2004 23:28:03 Maximal memory usage: 556 Kb
14.02.2004 23:28:03 Successful termination
14.02.2004 23:28:03 Checker result: Accepted
14.02.2004 23:28:03 Checker comments:
* ok * 

14.02.2004 23:28:03 Running on test 10
14.02.2004 23:28:03 Unable to determine memory usage properties for PID=908
14.02.2004 23:28:03 Processor time used: system=0,00000 ms, user=10,01440 ms total=10,01440 ms.
14.02.2004 23:28:03 Factical execution time: 180 ms
14.02.2004 23:28:03 Maximal memory usage: 572 Kb
14.02.2004 23:28:03 Successful termination
14.02.2004 23:28:03 Checker result: Accepted
14.02.2004 23:28:03 Checker comments:
* ok * 

14.02.2004 23:28:03 Running on test 11
14.02.2004 23:28:04 Unable to determine memory usage properties for PID=928
14.02.2004 23:28:04 Unable to determine memory usage properties for PID=928
14.02.2004 23:28:04 Processor time used: system=20,02880 ms, user=20,02880 ms total=40,05760 ms.
14.02.2004 23:28:04 Factical execution time: 201 ms
14.02.2004 23:28:04 Maximal memory usage: 568 Kb
14.02.2004 23:28:04 Successful termination
14.02.2004 23:28:04 Checker result: Accepted
14.02.2004 23:28:04 Checker comments:
* ok * 

14.02.2004 23:28:04 Running on test 12
14.02.2004 23:28:04 Unable to determine memory usage properties for PID=1396
14.02.2004 23:28:04 Processor time used: system=20,02880 ms, user=10,01440 ms total=30,04320 ms.
14.02.2004 23:28:04 Factical execution time: 190 ms
14.02.2004 23:28:04 Maximal memory usage: 572 Kb
14.02.2004 23:28:04 Successful termination
14.02.2004 23:28:04 Checker result: Accepted
14.02.2004 23:28:04 Checker comments:
* ok * 

14.02.2004 23:28:04 Running on test 13
14.02.2004 23:28:04 Unable to determine memory usage properties for PID=1236
14.02.2004 23:28:04 Processor time used: system=20,02880 ms, user=10,01440 ms total=30,04320 ms.
14.02.2004 23:28:04 Factical execution time: 180 ms
14.02.2004 23:28:04 Maximal memory usage: 572 Kb
14.02.2004 23:28:04 Successful termination
14.02.2004 23:28:04 Checker result: Accepted
14.02.2004 23:28:04 Checker comments:
* ok * 

14.02.2004 23:28:04 Running on test 14
14.02.2004 23:28:04 Unable to determine memory usage properties for PID=704
14.02.2004 23:28:04 Processor time used: system=20,02880 ms, user=20,02880 ms total=40,05760 ms.
14.02.2004 23:28:04 Factical execution time: 121 ms
14.02.2004 23:28:04 Maximal memory usage: 552 Kb
14.02.2004 23:28:04 Successful termination
14.02.2004 23:28:04 Checker result: Accepted
14.02.2004 23:28:04 Checker comments:
* ok * 

14.02.2004 23:28:04 Running on test 15
14.02.2004 23:28:04 Unable to determine memory usage properties for PID=1108
14.02.2004 23:28:04 Unable to determine memory usage properties for PID=1108
14.02.2004 23:28:04 Processor time used: system=30,04320 ms, user=10,01440 ms total=40,05760 ms.
14.02.2004 23:28:04 Factical execution time: 130 ms
14.02.2004 23:28:04 Maximal memory usage: 492 Kb
14.02.2004 23:28:04 Successful termination
14.02.2004 23:28:05 Checker result: Accepted
14.02.2004 23:28:05 Checker comments:
* ok * 

14.02.2004 23:28:05 Running on test 16
14.02.2004 23:28:05 Unable to determine memory usage properties for PID=1500
14.02.2004 23:28:05 Unable to determine memory usage properties for PID=1500
14.02.2004 23:28:05 Processor time used: system=30,04320 ms, user=10,01440 ms total=40,05760 ms.
14.02.2004 23:28:05 Factical execution time: 150 ms
14.02.2004 23:28:05 Maximal memory usage: 572 Kb
14.02.2004 23:28:05 Successful termination
14.02.2004 23:28:05 Checker result: Accepted
14.02.2004 23:28:05 Checker comments:
* ok * 

14.02.2004 23:28:05 Running on test 17
14.02.2004 23:28:05 Unable to determine memory usage properties for PID=1408
14.02.2004 23:28:05 Processor time used: system=10,01440 ms, user=10,01440 ms total=20,02880 ms.
14.02.2004 23:28:05 Factical execution time: 140 ms
14.02.2004 23:28:05 Maximal memory usage: 572 Kb
14.02.2004 23:28:05 Successful termination
14.02.2004 23:28:05 Checker result: Accepted
14.02.2004 23:28:05 Checker comments:
* ok * 

14.02.2004 23:28:05 Running on test 18
14.02.2004 23:28:05 Unable to determine memory usage properties for PID=120
14.02.2004 23:28:05 Processor time used: system=30,04320 ms, user=10,01440 ms total=40,05760 ms.
14.02.2004 23:28:05 Factical execution time: 80 ms
14.02.2004 23:28:05 Maximal memory usage: 556 Kb
14.02.2004 23:28:05 Successful termination
14.02.2004 23:28:05 Checker result: Accepted
14.02.2004 23:28:05 Checker comments:
* ok * 

14.02.2004 23:28:05 Running on test 19
14.02.2004 23:28:05 Unable to determine memory usage properties for PID=1416
14.02.2004 23:28:05 Unable to determine memory usage properties for PID=1416
14.02.2004 23:28:05 Processor time used: system=20,02880 ms, user=20,02880 ms total=40,05760 ms.
14.02.2004 23:28:05 Factical execution time: 140 ms
14.02.2004 23:28:05 Maximal memory usage: 496 Kb
14.02.2004 23:28:05 Successful termination
14.02.2004 23:28:05 Checker result: Accepted
14.02.2004 23:28:05 Checker comments:
* ok * 

14.02.2004 23:28:05 Running on test 20
14.02.2004 23:28:05 Unable to determine memory usage properties for PID=1700
14.02.2004 23:28:05 Processor time used: system=20,02880 ms, user=10,01440 ms total=30,04320 ms.
14.02.2004 23:28:05 Factical execution time: 90 ms
14.02.2004 23:28:05 Maximal memory usage: 572 Kb
14.02.2004 23:28:05 Successful termination
14.02.2004 23:28:05 Checker result: Accepted
14.02.2004 23:28:05 Checker comments:
* ok * 

14.02.2004 23:28:05 Total maximal work time: 40,05760 ms
14.02.2004 23:28:05 Total maximal memory usage: 572 Kb

