M
MI
MII
MIII
MIV
MV
MVI
MVII
MVIII
MIX
MX
MXI
MXII
MXIII
MXIV
MXV
MXVI
MXVII
MXVIII
MXIX
MXX
MXXI
MXXII
MXXIII
MXXIV
MXXV
MXXVI
MXXVII
MXXVIII
MXXIX
MXXX
MXXXI
MXXXII
MXXXIII
MXXXIV
MXXXV
MXXXVI
MXXXVII
MXXXVIII
MXXXIX
MXL
MXLI
MXLII
MXLIII
MXLIV
MXLV
MXLVI
MXLVII
MXLVIII
MXLIX
ML
MLI
MLII
MLIII
MLIV
MLV
MLVI
MLVII
MLVIII
MLIX
MLX
MLXI
MLXII
MLXIII
MLXIV
MLXV
MLXVI
MLXVII
MLXVIII
MLXIX
MLXX
MLXXI
MLXXII
MLXXIII
MLXXIV
MLXXV
MLXXVI
MLXXVII
MLXXVIII
MLXXIX
MLXXX
MLXXXI
MLXXXII
MLXXXIII
MLXXXIV
MLXXXV
MLXXXVI
MLXXXVII
MLXXXVIII
MLXXXIX
MXC
MXCI
MXCII
MXCIII
MXCIV
MXCV
MXCVI
MXCVII
MXCVIII
MXCIX
MC
MCI
MCII
MCIII
MCIV
MCV
MCVI
MCVII
MCVIII
MCIX
MCX
MCXI
MCXII
MCXIII
MCXIV
MCXV
MCXVI
MCXVII
MCXVIII
MCXIX
MCXX
MCXXI
MCXXII
MCXXIII
MCXXIV
MCXXV
MCXXVI
MCXXVII
MCXXVIII
MCXXIX
MCXXX
MCXXXI
MCXXXII
MCXXXIII
MCXXXIV
MCXXXV
MCXXXVI
MCXXXVII
MCXXXVIII
MCXXXIX
MCXL
MCXLI
MCXLII
MCXLIII
MCXLIV
MCXLV
MCXLVI
MCXLVII
MCXLVIII
MCXLIX
MCL
MCLI
MCLII
MCLIII
MCLIV
MCLV
MCLVI
MCLVII
MCLVIII
MCLIX
MCLX
MCLXI
MCLXII
MCLXIII
MCLXIV
MCLXV
MCLXVI
MCLXVII
MCLXVIII
MCLXIX
MCLXX
MCLXXI
MCLXXII
MCLXXIII
MCLXXIV
MCLXXV
MCLXXVI
MCLXXVII
MCLXXVIII
MCLXXIX
MCLXXX
MCLXXXI
MCLXXXII
MCLXXXIII
MCLXXXIV
MCLXXXV
MCLXXXVI
MCLXXXVII
MCLXXXVIII
MCLXXXIX
MCXC
MCXCI
MCXCII
MCXCIII
MCXCIV
MCXCV
MCXCVI
MCXCVII
MCXCVIII
MCXCIX
MCC
MCCI
MCCII
MCCIII
MCCIV
MCCV
MCCVI
MCCVII
MCCVIII
MCCIX
MCCX
MCCXI
MCCXII
MCCXIII
MCCXIV
MCCXV
MCCXVI
MCCXVII
MCCXVIII
MCCXIX
MCCXX
MCCXXI
MCCXXII
MCCXXIII
MCCXXIV
MCCXXV
MCCXXVI
MCCXXVII
MCCXXVIII
MCCXXIX
MCCXXX
MCCXXXI
MCCXXXII
MCCXXXIII
MCCXXXIV
MCCXXXV
MCCXXXVI
MCCXXXVII
MCCXXXVIII
MCCXXXIX
MCCXL
MCCXLI
MCCXLII
MCCXLIII
MCCXLIV
MCCXLV
MCCXLVI
MCCXLVII
MCCXLVIII
MCCXLIX
MCCL
MCCLI
MCCLII
MCCLIII
MCCLIV
MCCLV
MCCLVI
MCCLVII
MCCLVIII
MCCLIX
MCCLX
MCCLXI
MCCLXII
MCCLXIII
MCCLXIV
MCCLXV
MCCLXVI
MCCLXVII
MCCLXVIII
MCCLXIX
MCCLXX
MCCLXXI
MCCLXXII
MCCLXXIII
MCCLXXIV
MCCLXXV
MCCLXXVI
MCCLXXVII
MCCLXXVIII
MCCLXXIX
MCCLXXX
MCCLXXXI
MCCLXXXII
MCCLXXXIII
MCCLXXXIV
MCCLXXXV
MCCLXXXVI
MCCLXXXVII
MCCLXXXVIII
MCCLXXXIX
MCCXC
MCCXCI
MCCXCII
MCCXCIII
MCCXCIV
MCCXCV
MCCXCVI
MCCXCVII
MCCXCVIII
MCCXCIX
MCCC
MCCCI
MCCCII
MCCCIII
MCCCIV
MCCCV
MCCCVI
MCCCVII
MCCCVIII
MCCCIX
MCCCX
MCCCXI
MCCCXII
MCCCXIII
MCCCXIV
MCCCXV
MCCCXVI
MCCCXVII
MCCCXVIII
MCCCXIX
MCCCXX
MCCCXXI
MCCCXXII
MCCCXXIII
MCCCXXIV
MCCCXXV
MCCCXXVI
MCCCXXVII
MCCCXXVIII
MCCCXXIX
MCCCXXX
MCCCXXXI
MCCCXXXII
MCCCXXXIII
MCCCXXXIV
MCCCXXXV
MCCCXXXVI
MCCCXXXVII
MCCCXXXVIII
MCCCXXXIX
MCCCXL
MCCCXLI
MCCCXLII
MCCCXLIII
MCCCXLIV
MCCCXLV
MCCCXLVI
MCCCXLVII
MCCCXLVIII
MCCCXLIX
MCCCL
MCCCLI
MCCCLII
MCCCLIII
MCCCLIV
MCCCLV
MCCCLVI
MCCCLVII
MCCCLVIII
MCCCLIX
MCCCLX
MCCCLXI
MCCCLXII
MCCCLXIII
MCCCLXIV
MCCCLXV
MCCCLXVI
MCCCLXVII
MCCCLXVIII
MCCCLXIX
MCCCLXX
MCCCLXXI
MCCCLXXII
MCCCLXXIII
MCCCLXXIV
MCCCLXXV
MCCCLXXVI
MCCCLXXVII
MCCCLXXVIII
MCCCLXXIX
MCCCLXXX
MCCCLXXXI
MCCCLXXXII
MCCCLXXXIII
MCCCLXXXIV
MCCCLXXXV
MCCCLXXXVI
MCCCLXXXVII
MCCCLXXXVIII
MCCCLXXXIX
MCCCXC
MCCCXCI
MCCCXCII
MCCCXCIII
MCCCXCIV
MCCCXCV
MCCCXCVI
MCCCXCVII
MCCCXCVIII
MCCCXCIX
MCD
MCDI
MCDII
MCDIII
MCDIV
MCDV
MCDVI
MCDVII
MCDVIII
MCDIX
MCDX
MCDXI
MCDXII
MCDXIII
MCDXIV
MCDXV
MCDXVI
MCDXVII
MCDXVIII
MCDXIX
MCDXX
MCDXXI
MCDXXII
MCDXXIII
MCDXXIV
MCDXXV
MCDXXVI
MCDXXVII
MCDXXVIII
MCDXXIX
MCDXXX
MCDXXXI
MCDXXXII
MCDXXXIII
MCDXXXIV
MCDXXXV
MCDXXXVI
MCDXXXVII
MCDXXXVIII
MCDXXXIX
MCDXL
MCDXLI
MCDXLII
MCDXLIII
MCDXLIV
MCDXLV
MCDXLVI
MCDXLVII
MCDXLVIII
MCDXLIX
MCDL
MCDLI
MCDLII
MCDLIII
MCDLIV
MCDLV
MCDLVI
MCDLVII
MCDLVIII
MCDLIX
MCDLX
MCDLXI
MCDLXII
MCDLXIII
MCDLXIV
MCDLXV
MCDLXVI
MCDLXVII
MCDLXVIII
MCDLXIX
MCDLXX
MCDLXXI
MCDLXXII
MCDLXXIII
MCDLXXIV
MCDLXXV
MCDLXXVI
MCDLXXVII
MCDLXXVIII
MCDLXXIX
MCDLXXX
MCDLXXXI
MCDLXXXII
MCDLXXXIII
MCDLXXXIV
MCDLXXXV
MCDLXXXVI
MCDLXXXVII
MCDLXXXVIII
MCDLXXXIX
MCDXC
MCDXCI
MCDXCII
MCDXCIII
MCDXCIV
MCDXCV
MCDXCVI
MCDXCVII
MCDXCVIII
MCDXCIX
MD
MDI
MDII
MDIII
MDIV
MDV
MDVI
MDVII
MDVIII
MDIX
MDX
MDXI
MDXII
MDXIII
MDXIV
MDXV
MDXVI
MDXVII
MDXVIII
MDXIX
MDXX
MDXXI
MDXXII
MDXXIII
MDXXIV
MDXXV
MDXXVI
MDXXVII
MDXXVIII
MDXXIX
MDXXX
MDXXXI
MDXXXII
MDXXXIII
MDXXXIV
MDXXXV
MDXXXVI
MDXXXVII
MDXXXVIII
MDXXXIX
MDXL
MDXLI
MDXLII
MDXLIII
MDXLIV
MDXLV
MDXLVI
MDXLVII
MDXLVIII
MDXLIX
MDL
MDLI
MDLII
MDLIII
MDLIV
MDLV
MDLVI
MDLVII
MDLVIII
MDLIX
MDLX
MDLXI
MDLXII
MDLXIII
MDLXIV
MDLXV
MDLXVI
MDLXVII
MDLXVIII
MDLXIX
MDLXX
MDLXXI
MDLXXII
MDLXXIII
MDLXXIV
MDLXXV
MDLXXVI
MDLXXVII
MDLXXVIII
MDLXXIX
MDLXXX
MDLXXXI
MDLXXXII
MDLXXXIII
MDLXXXIV
MDLXXXV
MDLXXXVI
MDLXXXVII
MDLXXXVIII
MDLXXXIX
MDXC
MDXCI
MDXCII
MDXCIII
MDXCIV
MDXCV
MDXCVI
MDXCVII
MDXCVIII
MDXCIX
MDC
MDCI
MDCII
MDCIII
MDCIV
MDCV
MDCVI
MDCVII
MDCVIII
MDCIX
MDCX
MDCXI
MDCXII
MDCXIII
MDCXIV
MDCXV
MDCXVI
MDCXVII
MDCXVIII
MDCXIX
MDCXX
MDCXXI
MDCXXII
MDCXXIII
MDCXXIV
MDCXXV
MDCXXVI
MDCXXVII
MDCXXVIII
MDCXXIX
MDCXXX
MDCXXXI
MDCXXXII
MDCXXXIII
MDCXXXIV
MDCXXXV
MDCXXXVI
MDCXXXVII
MDCXXXVIII
MDCXXXIX
MDCXL
MDCXLI
MDCXLII
MDCXLIII
MDCXLIV
MDCXLV
MDCXLVI
MDCXLVII
MDCXLVIII
MDCXLIX
MDCL
MDCLI
MDCLII
MDCLIII
MDCLIV
MDCLV
MDCLVI
MDCLVII
MDCLVIII
MDCLIX
MDCLX
MDCLXI
MDCLXII
MDCLXIII
MDCLXIV
MDCLXV
MDCLXVI
MDCLXVII
MDCLXVIII
MDCLXIX
MDCLXX
MDCLXXI
MDCLXXII
MDCLXXIII
MDCLXXIV
MDCLXXV
MDCLXXVI
MDCLXXVII
MDCLXXVIII
MDCLXXIX
MDCLXXX
MDCLXXXI
MDCLXXXII
MDCLXXXIII
MDCLXXXIV
MDCLXXXV
MDCLXXXVI
MDCLXXXVII
MDCLXXXVIII
MDCLXXXIX
MDCXC
MDCXCI
MDCXCII
MDCXCIII
MDCXCIV
MDCXCV
MDCXCVI
MDCXCVII
MDCXCVIII
MDCXCIX
MDCC
MDCCI
MDCCII
MDCCIII
MDCCIV
MDCCV
MDCCVI
MDCCVII
MDCCVIII
MDCCIX
MDCCX
MDCCXI
MDCCXII
MDCCXIII
MDCCXIV
MDCCXV
MDCCXVI
MDCCXVII
MDCCXVIII
MDCCXIX
MDCCXX
MDCCXXI
MDCCXXII
MDCCXXIII
MDCCXXIV
MDCCXXV
MDCCXXVI
MDCCXXVII
MDCCXXVIII
MDCCXXIX
MDCCXXX
MDCCXXXI
MDCCXXXII
MDCCXXXIII
MDCCXXXIV
MDCCXXXV
MDCCXXXVI
MDCCXXXVII
MDCCXXXVIII
MDCCXXXIX
MDCCXL
MDCCXLI
MDCCXLII
MDCCXLIII
MDCCXLIV
MDCCXLV
MDCCXLVI
MDCCXLVII
MDCCXLVIII
MDCCXLIX
MDCCL
MDCCLI
MDCCLII
MDCCLIII
MDCCLIV
MDCCLV
MDCCLVI
MDCCLVII
MDCCLVIII
MDCCLIX
MDCCLX
MDCCLXI
MDCCLXII
MDCCLXIII
MDCCLXIV
MDCCLXV
MDCCLXVI
MDCCLXVII
MDCCLXVIII
MDCCLXIX
MDCCLXX
MDCCLXXI
MDCCLXXII
MDCCLXXIII
MDCCLXXIV
MDCCLXXV
MDCCLXXVI
MDCCLXXVII
MDCCLXXVIII
MDCCLXXIX
MDCCLXXX
MDCCLXXXI
MDCCLXXXII
MDCCLXXXIII
MDCCLXXXIV
MDCCLXXXV
MDCCLXXXVI
MDCCLXXXVII
MDCCLXXXVIII
MDCCLXXXIX
MDCCXC
MDCCXCI
MDCCXCII
MDCCXCIII
MDCCXCIV
MDCCXCV
MDCCXCVI
MDCCXCVII
MDCCXCVIII
MDCCXCIX
MDCCC
MDCCCI
MDCCCII
MDCCCIII
MDCCCIV
MDCCCV
MDCCCVI
MDCCCVII
MDCCCVIII
MDCCCIX
MDCCCX
MDCCCXI
MDCCCXII
MDCCCXIII
MDCCCXIV
MDCCCXV
MDCCCXVI
MDCCCXVII
MDCCCXVIII
MDCCCXIX
MDCCCXX
MDCCCXXI
MDCCCXXII
MDCCCXXIII
MDCCCXXIV
MDCCCXXV
MDCCCXXVI
MDCCCXXVII
MDCCCXXVIII
MDCCCXXIX
MDCCCXXX
MDCCCXXXI
MDCCCXXXII
MDCCCXXXIII
MDCCCXXXIV
MDCCCXXXV
MDCCCXXXVI
MDCCCXXXVII
MDCCCXXXVIII
MDCCCXXXIX
MDCCCXL
MDCCCXLI
MDCCCXLII
MDCCCXLIII
MDCCCXLIV
MDCCCXLV
MDCCCXLVI
MDCCCXLVII
MDCCCXLVIII
MDCCCXLIX
MDCCCL
MDCCCLI
MDCCCLII
MDCCCLIII
MDCCCLIV
MDCCCLV
MDCCCLVI
MDCCCLVII
MDCCCLVIII
MDCCCLIX
MDCCCLX
MDCCCLXI
MDCCCLXII
MDCCCLXIII
MDCCCLXIV
MDCCCLXV
MDCCCLXVI
MDCCCLXVII
MDCCCLXVIII
MDCCCLXIX
MDCCCLXX
MDCCCLXXI
MDCCCLXXII
MDCCCLXXIII
MDCCCLXXIV
MDCCCLXXV
MDCCCLXXVI
MDCCCLXXVII
MDCCCLXXVIII
MDCCCLXXIX
MDCCCLXXX
MDCCCLXXXI
MDCCCLXXXII
MDCCCLXXXIII
MDCCCLXXXIV
MDCCCLXXXV
MDCCCLXXXVI
MDCCCLXXXVII
MDCCCLXXXVIII
MDCCCLXXXIX
MDCCCXC
MDCCCXCI
MDCCCXCII
MDCCCXCIII
MDCCCXCIV
MDCCCXCV
MDCCCXCVI
MDCCCXCVII
MDCCCXCVIII
MDCCCXCIX
MDCD
MDCDI
MDCDII
MDCDIII
MDCDIV
MDCDV
MDCDVI
MDCDVII
MDCDVIII
MDCDIX
MDCDX
MDCDXI
MDCDXII
MDCDXIII
MDCDXIV
MDCDXV
MDCDXVI
MDCDXVII
MDCDXVIII
MDCDXIX
MDCDXX
MDCDXXI
MDCDXXII
MDCDXXIII
MDCDXXIV
MDCDXXV
MDCDXXVI
MDCDXXVII
MDCDXXVIII
MDCDXXIX
MDCDXXX
MDCDXXXI
MDCDXXXII
MDCDXXXIII
MDCDXXXIV
MDCDXXXV
MDCDXXXVI
MDCDXXXVII
MDCDXXXVIII
MDCDXXXIX
MDCDXL
MDCDXLI
MDCDXLII
MDCDXLIII
MDCDXLIV
MDCDXLV
MDCDXLVI
MDCDXLVII
MDCDXLVIII
MDCDXLIX
MDCDL
MDCDLI
MDCDLII
MDCDLIII
MDCDLIV
MDCDLV
MDCDLVI
MDCDLVII
MDCDLVIII
MDCDLIX
MDCDLX
MDCDLXI
MDCDLXII
MDCDLXIII
MDCDLXIV
MDCDLXV
MDCDLXVI
MDCDLXVII
MDCDLXVIII
MDCDLXIX
MDCDLXX
MDCDLXXI
MDCDLXXII
MDCDLXXIII
MDCDLXXIV
MDCDLXXV
MDCDLXXVI
MDCDLXXVII
MDCDLXXVIII
MDCDLXXIX
MDCDLXXX
MDCDLXXXI
MDCDLXXXII
MDCDLXXXIII
MDCDLXXXIV
MDCDLXXXV
MDCDLXXXVI
MDCDLXXXVII
MDCDLXXXVIII
MDCDLXXXIX
MDCDXC
MDCDXCI
MDCDXCII
MDCDXCIII
MDCDXCIV
MDCDXCV
MDCDXCVI
MDCDXCVII
MDCDXCVIII
MDCDXCIX
MM
MMI
MMII
MMIII
MMIV
MMV
MMVI
MMVII
MMVIII
MMIX
MMX
MMXI
MMXII
MMXIII
MMXIV
MMXV
MMXVI
MMXVII
MMXVIII
MMXIX
MMXX
MMXXI
MMXXII
MMXXIII
MMXXIV
MMXXV
MMXXVI
MMXXVII
MMXXVIII
MMXXIX
MMXXX
MMXXXI
MMXXXII
MMXXXIII
MMXXXIV
MMXXXV
MMXXXVI
MMXXXVII
MMXXXVIII
MMXXXIX
MMXL
MMXLI
MMXLII
MMXLIII
MMXLIV
MMXLV
MMXLVI
MMXLVII
MMXLVIII
MMXLIX
MML
MMLI
MMLII
MMLIII
MMLIV
MMLV
MMLVI
MMLVII
MMLVIII
MMLIX
MMLX
MMLXI
MMLXII
MMLXIII
MMLXIV
MMLXV
MMLXVI
MMLXVII
MMLXVIII
MMLXIX
MMLXX
MMLXXI
MMLXXII
MMLXXIII
MMLXXIV
MMLXXV
MMLXXVI
MMLXXVII
MMLXXVIII
MMLXXIX
MMLXXX
MMLXXXI
MMLXXXII
MMLXXXIII
MMLXXXIV
MMLXXXV
MMLXXXVI
MMLXXXVII
MMLXXXVIII
MMLXXXIX
MMXC
MMXCI
MMXCII
MMXCIII
MMXCIV
MMXCV
MMXCVI
MMXCVII
MMXCVIII
MMXCIX
MMC
MMCI
MMCII
MMCIII
MMCIV
MMCV
MMCVI
MMCVII
MMCVIII
MMCIX
MMCX
MMCXI
MMCXII
MMCXIII
MMCXIV
MMCXV
MMCXVI
MMCXVII
MMCXVIII
MMCXIX
MMCXX
MMCXXI
MMCXXII
MMCXXIII
MMCXXIV
MMCXXV
MMCXXVI
MMCXXVII
MMCXXVIII
MMCXXIX
MMCXXX
MMCXXXI
MMCXXXII
MMCXXXIII
MMCXXXIV
MMCXXXV
MMCXXXVI
MMCXXXVII
MMCXXXVIII
MMCXXXIX
MMCXL
MMCXLI
MMCXLII
MMCXLIII
MMCXLIV
MMCXLV
MMCXLVI
MMCXLVII
MMCXLVIII
MMCXLIX
MMCL
MMCLI
MMCLII
MMCLIII
MMCLIV
MMCLV
MMCLVI
MMCLVII
MMCLVIII
MMCLIX
MMCLX
MMCLXI
MMCLXII
MMCLXIII
MMCLXIV
MMCLXV
MMCLXVI
MMCLXVII
MMCLXVIII
MMCLXIX
MMCLXX
MMCLXXI
MMCLXXII
MMCLXXIII
MMCLXXIV
MMCLXXV
MMCLXXVI
MMCLXXVII
MMCLXXVIII
MMCLXXIX
MMCLXXX
MMCLXXXI
MMCLXXXII
MMCLXXXIII
MMCLXXXIV
MMCLXXXV
MMCLXXXVI
MMCLXXXVII
MMCLXXXVIII
MMCLXXXIX
MMCXC
MMCXCI
MMCXCII
MMCXCIII
MMCXCIV
MMCXCV
MMCXCVI
MMCXCVII
MMCXCVIII
MMCXCIX
MMCC
MMCCI
MMCCII
MMCCIII
MMCCIV
MMCCV
MMCCVI
MMCCVII
MMCCVIII
MMCCIX
MMCCX
MMCCXI
MMCCXII
MMCCXIII
MMCCXIV
MMCCXV
MMCCXVI
MMCCXVII
MMCCXVIII
MMCCXIX
MMCCXX
MMCCXXI
MMCCXXII
MMCCXXIII
MMCCXXIV
MMCCXXV
MMCCXXVI
MMCCXXVII
MMCCXXVIII
MMCCXXIX
MMCCXXX
MMCCXXXI
MMCCXXXII
MMCCXXXIII
MMCCXXXIV
MMCCXXXV
MMCCXXXVI
MMCCXXXVII
MMCCXXXVIII
MMCCXXXIX
MMCCXL
MMCCXLI
MMCCXLII
MMCCXLIII
MMCCXLIV
MMCCXLV
MMCCXLVI
MMCCXLVII
MMCCXLVIII
MMCCXLIX
MMCCL
MMCCLI
MMCCLII
MMCCLIII
MMCCLIV
MMCCLV
MMCCLVI
MMCCLVII
MMCCLVIII
MMCCLIX
MMCCLX
MMCCLXI
MMCCLXII
MMCCLXIII
MMCCLXIV
MMCCLXV
MMCCLXVI
MMCCLXVII
MMCCLXVIII
MMCCLXIX
MMCCLXX
MMCCLXXI
MMCCLXXII
MMCCLXXIII
MMCCLXXIV
MMCCLXXV
MMCCLXXVI
MMCCLXXVII
MMCCLXXVIII
MMCCLXXIX
MMCCLXXX
MMCCLXXXI
MMCCLXXXII
MMCCLXXXIII
MMCCLXXXIV
MMCCLXXXV
MMCCLXXXVI
MMCCLXXXVII
MMCCLXXXVIII
MMCCLXXXIX
MMCCXC
MMCCXCI
MMCCXCII
MMCCXCIII
MMCCXCIV
MMCCXCV
MMCCXCVI
MMCCXCVII
MMCCXCVIII
MMCCXCIX
MMCCC
MMCCCI
MMCCCII
MMCCCIII
MMCCCIV
MMCCCV
MMCCCVI
MMCCCVII
MMCCCVIII
MMCCCIX
MMCCCX
MMCCCXI
MMCCCXII
MMCCCXIII
MMCCCXIV
MMCCCXV
MMCCCXVI
MMCCCXVII
MMCCCXVIII
MMCCCXIX
MMCCCXX
MMCCCXXI
MMCCCXXII
MMCCCXXIII
MMCCCXXIV
MMCCCXXV
MMCCCXXVI
MMCCCXXVII
MMCCCXXVIII
MMCCCXXIX
MMCCCXXX
MMCCCXXXI
MMCCCXXXII
MMCCCXXXIII
MMCCCXXXIV
MMCCCXXXV
MMCCCXXXVI
MMCCCXXXVII
MMCCCXXXVIII
MMCCCXXXIX
MMCCCXL
MMCCCXLI
MMCCCXLII
MMCCCXLIII
MMCCCXLIV
MMCCCXLV
MMCCCXLVI
MMCCCXLVII
MMCCCXLVIII
MMCCCXLIX
MMCCCL
MMCCCLI
MMCCCLII
MMCCCLIII
MMCCCLIV
MMCCCLV
MMCCCLVI
MMCCCLVII
MMCCCLVIII
MMCCCLIX
MMCCCLX
MMCCCLXI
MMCCCLXII
MMCCCLXIII
MMCCCLXIV
MMCCCLXV
MMCCCLXVI
MMCCCLXVII
MMCCCLXVIII
MMCCCLXIX
MMCCCLXX
MMCCCLXXI
MMCCCLXXII
MMCCCLXXIII
MMCCCLXXIV
MMCCCLXXV
MMCCCLXXVI
MMCCCLXXVII
MMCCCLXXVIII
MMCCCLXXIX
MMCCCLXXX
MMCCCLXXXI
MMCCCLXXXII
MMCCCLXXXIII
MMCCCLXXXIV
MMCCCLXXXV
MMCCCLXXXVI
MMCCCLXXXVII
MMCCCLXXXVIII
MMCCCLXXXIX
MMCCCXC
MMCCCXCI
MMCCCXCII
MMCCCXCIII
MMCCCXCIV
MMCCCXCV
MMCCCXCVI
MMCCCXCVII
MMCCCXCVIII
MMCCCXCIX
MMCD
MMCDI
MMCDII
MMCDIII
MMCDIV
MMCDV
MMCDVI
MMCDVII
MMCDVIII
MMCDIX
MMCDX
MMCDXI
MMCDXII
MMCDXIII
MMCDXIV
MMCDXV
MMCDXVI
MMCDXVII
MMCDXVIII
MMCDXIX
MMCDXX
MMCDXXI
MMCDXXII
MMCDXXIII
MMCDXXIV
MMCDXXV
MMCDXXVI
MMCDXXVII
MMCDXXVIII
MMCDXXIX
MMCDXXX
MMCDXXXI
MMCDXXXII
MMCDXXXIII
MMCDXXXIV
MMCDXXXV
MMCDXXXVI
MMCDXXXVII
MMCDXXXVIII
MMCDXXXIX
MMCDXL
MMCDXLI
MMCDXLII
MMCDXLIII
MMCDXLIV
MMCDXLV
MMCDXLVI
MMCDXLVII
MMCDXLVIII
MMCDXLIX
MMCDL
MMCDLI
MMCDLII
MMCDLIII
MMCDLIV
MMCDLV
MMCDLVI
MMCDLVII
MMCDLVIII
MMCDLIX
MMCDLX
MMCDLXI
MMCDLXII
MMCDLXIII
MMCDLXIV
MMCDLXV
MMCDLXVI
MMCDLXVII
MMCDLXVIII
MMCDLXIX
MMCDLXX
MMCDLXXI
MMCDLXXII
MMCDLXXIII
MMCDLXXIV
MMCDLXXV
MMCDLXXVI
MMCDLXXVII
MMCDLXXVIII
MMCDLXXIX
MMCDLXXX
MMCDLXXXI
MMCDLXXXII
MMCDLXXXIII
MMCDLXXXIV
MMCDLXXXV
MMCDLXXXVI
MMCDLXXXVII
MMCDLXXXVIII
MMCDLXXXIX
MMCDXC
MMCDXCI
MMCDXCII
MMCDXCIII
MMCDXCIV
MMCDXCV
MMCDXCVI
MMCDXCVII
MMCDXCVIII
MMCDXCIX
MMD
MMDI
MMDII
MMDIII
MMDIV
MMDV
MMDVI
MMDVII
MMDVIII
MMDIX
MMDX
MMDXI
MMDXII
MMDXIII
MMDXIV
MMDXV
MMDXVI
MMDXVII
MMDXVIII
MMDXIX
MMDXX
MMDXXI
MMDXXII
MMDXXIII
MMDXXIV
MMDXXV
MMDXXVI
MMDXXVII
MMDXXVIII
MMDXXIX
MMDXXX
MMDXXXI
MMDXXXII
MMDXXXIII
MMDXXXIV
MMDXXXV
MMDXXXVI
MMDXXXVII
MMDXXXVIII
MMDXXXIX
MMDXL
MMDXLI
MMDXLII
MMDXLIII
MMDXLIV
MMDXLV
MMDXLVI
MMDXLVII
MMDXLVIII
MMDXLIX
MMDL
MMDLI
MMDLII
MMDLIII
MMDLIV
MMDLV
MMDLVI
MMDLVII
MMDLVIII
MMDLIX
MMDLX
MMDLXI
MMDLXII
MMDLXIII
MMDLXIV
MMDLXV
MMDLXVI
MMDLXVII
MMDLXVIII
MMDLXIX
MMDLXX
MMDLXXI
MMDLXXII
MMDLXXIII
MMDLXXIV
MMDLXXV
MMDLXXVI
MMDLXXVII
MMDLXXVIII
MMDLXXIX
MMDLXXX
MMDLXXXI
MMDLXXXII
MMDLXXXIII
MMDLXXXIV
MMDLXXXV
MMDLXXXVI
MMDLXXXVII
MMDLXXXVIII
MMDLXXXIX
MMDXC
MMDXCI
MMDXCII
MMDXCIII
MMDXCIV
MMDXCV
MMDXCVI
MMDXCVII
MMDXCVIII
MMDXCIX
MMDC
MMDCI
MMDCII
MMDCIII
MMDCIV
MMDCV
MMDCVI
MMDCVII
MMDCVIII
MMDCIX
MMDCX
MMDCXI
MMDCXII
MMDCXIII
MMDCXIV
MMDCXV
MMDCXVI
MMDCXVII
MMDCXVIII
MMDCXIX
MMDCXX
MMDCXXI
MMDCXXII
MMDCXXIII
MMDCXXIV
MMDCXXV
MMDCXXVI
MMDCXXVII
MMDCXXVIII
MMDCXXIX
MMDCXXX
MMDCXXXI
MMDCXXXII
MMDCXXXIII
MMDCXXXIV
MMDCXXXV
MMDCXXXVI
MMDCXXXVII
MMDCXXXVIII
MMDCXXXIX
MMDCXL
MMDCXLI
MMDCXLII
MMDCXLIII
MMDCXLIV
MMDCXLV
MMDCXLVI
MMDCXLVII
MMDCXLVIII
MMDCXLIX
MMDCL
MMDCLI
MMDCLII
MMDCLIII
MMDCLIV
MMDCLV
MMDCLVI
MMDCLVII
MMDCLVIII
MMDCLIX
MMDCLX
MMDCLXI
MMDCLXII
MMDCLXIII
MMDCLXIV
MMDCLXV
MMDCLXVI
MMDCLXVII
MMDCLXVIII
MMDCLXIX
MMDCLXX
MMDCLXXI
MMDCLXXII
MMDCLXXIII
MMDCLXXIV
MMDCLXXV
MMDCLXXVI
MMDCLXXVII
MMDCLXXVIII
MMDCLXXIX
MMDCLXXX
MMDCLXXXI
MMDCLXXXII
MMDCLXXXIII
MMDCLXXXIV
MMDCLXXXV
MMDCLXXXVI
MMDCLXXXVII
MMDCLXXXVIII
MMDCLXXXIX
MMDCXC
MMDCXCI
MMDCXCII
MMDCXCIII
MMDCXCIV
MMDCXCV
MMDCXCVI
MMDCXCVII
MMDCXCVIII
MMDCXCIX
MMDCC
MMDCCI
MMDCCII
MMDCCIII
MMDCCIV
MMDCCV
MMDCCVI
MMDCCVII
MMDCCVIII
MMDCCIX
MMDCCX
MMDCCXI
MMDCCXII
MMDCCXIII
MMDCCXIV
MMDCCXV
MMDCCXVI
MMDCCXVII
MMDCCXVIII
MMDCCXIX
MMDCCXX
MMDCCXXI
MMDCCXXII
MMDCCXXIII
MMDCCXXIV
MMDCCXXV
MMDCCXXVI
MMDCCXXVII
MMDCCXXVIII
MMDCCXXIX
MMDCCXXX
MMDCCXXXI
MMDCCXXXII
MMDCCXXXIII
MMDCCXXXIV
MMDCCXXXV
MMDCCXXXVI
MMDCCXXXVII
MMDCCXXXVIII
MMDCCXXXIX
MMDCCXL
MMDCCXLI
MMDCCXLII
MMDCCXLIII
MMDCCXLIV
MMDCCXLV
MMDCCXLVI
MMDCCXLVII
MMDCCXLVIII
MMDCCXLIX
MMDCCL
MMDCCLI
MMDCCLII
MMDCCLIII
MMDCCLIV
MMDCCLV
MMDCCLVI
MMDCCLVII
MMDCCLVIII
MMDCCLIX
MMDCCLX
MMDCCLXI
MMDCCLXII
MMDCCLXIII
MMDCCLXIV
MMDCCLXV
MMDCCLXVI
MMDCCLXVII
MMDCCLXVIII
MMDCCLXIX
MMDCCLXX
MMDCCLXXI
MMDCCLXXII
MMDCCLXXIII
MMDCCLXXIV
MMDCCLXXV
MMDCCLXXVI
MMDCCLXXVII
MMDCCLXXVIII
MMDCCLXXIX
MMDCCLXXX
MMDCCLXXXI
MMDCCLXXXII
MMDCCLXXXIII
MMDCCLXXXIV
MMDCCLXXXV
MMDCCLXXXVI
MMDCCLXXXVII
MMDCCLXXXVIII
MMDCCLXXXIX
MMDCCXC
MMDCCXCI
MMDCCXCII
MMDCCXCIII
MMDCCXCIV
MMDCCXCV
MMDCCXCVI
MMDCCXCVII
MMDCCXCVIII
MMDCCXCIX
MMDCCC
MMDCCCI
MMDCCCII
MMDCCCIII
MMDCCCIV
MMDCCCV
MMDCCCVI
MMDCCCVII
MMDCCCVIII
MMDCCCIX
MMDCCCX
MMDCCCXI
MMDCCCXII
MMDCCCXIII
MMDCCCXIV
MMDCCCXV
MMDCCCXVI
MMDCCCXVII
MMDCCCXVIII
MMDCCCXIX
MMDCCCXX
MMDCCCXXI
MMDCCCXXII
MMDCCCXXIII
MMDCCCXXIV
MMDCCCXXV
MMDCCCXXVI
MMDCCCXXVII
MMDCCCXXVIII
MMDCCCXXIX
MMDCCCXXX
MMDCCCXXXI
MMDCCCXXXII
MMDCCCXXXIII
MMDCCCXXXIV
MMDCCCXXXV
MMDCCCXXXVI
MMDCCCXXXVII
MMDCCCXXXVIII
MMDCCCXXXIX
MMDCCCXL
MMDCCCXLI
MMDCCCXLII
MMDCCCXLIII
MMDCCCXLIV
MMDCCCXLV
MMDCCCXLVI
MMDCCCXLVII
MMDCCCXLVIII
MMDCCCXLIX
MMDCCCL
MMDCCCLI
MMDCCCLII
MMDCCCLIII
MMDCCCLIV
MMDCCCLV
MMDCCCLVI
MMDCCCLVII
MMDCCCLVIII
MMDCCCLIX
MMDCCCLX
MMDCCCLXI
MMDCCCLXII
MMDCCCLXIII
MMDCCCLXIV
MMDCCCLXV
MMDCCCLXVI
MMDCCCLXVII
MMDCCCLXVIII
MMDCCCLXIX
MMDCCCLXX
MMDCCCLXXI
MMDCCCLXXII
MMDCCCLXXIII
MMDCCCLXXIV
MMDCCCLXXV
MMDCCCLXXVI
MMDCCCLXXVII
MMDCCCLXXVIII
MMDCCCLXXIX
MMDCCCLXXX
MMDCCCLXXXI
MMDCCCLXXXII
MMDCCCLXXXIII
MMDCCCLXXXIV
MMDCCCLXXXV
MMDCCCLXXXVI
MMDCCCLXXXVII
MMDCCCLXXXVIII
MMDCCCLXXXIX
MMDCCCXC
MMDCCCXCI
MMDCCCXCII
MMDCCCXCIII
MMDCCCXCIV
MMDCCCXCV
MMDCCCXCVI
MMDCCCXCVII
MMDCCCXCVIII
MMDCCCXCIX
MMDCD
MMDCDI
MMDCDII
MMDCDIII
MMDCDIV
MMDCDV
MMDCDVI
MMDCDVII
MMDCDVIII
MMDCDIX
MMDCDX
MMDCDXI
MMDCDXII
MMDCDXIII
MMDCDXIV
MMDCDXV
MMDCDXVI
MMDCDXVII
MMDCDXVIII
MMDCDXIX
MMDCDXX
MMDCDXXI
MMDCDXXII
MMDCDXXIII
MMDCDXXIV
MMDCDXXV
MMDCDXXVI
MMDCDXXVII
MMDCDXXVIII
MMDCDXXIX
MMDCDXXX
MMDCDXXXI
MMDCDXXXII
MMDCDXXXIII
MMDCDXXXIV
MMDCDXXXV
MMDCDXXXVI
MMDCDXXXVII
MMDCDXXXVIII
MMDCDXXXIX
MMDCDXL
MMDCDXLI
MMDCDXLII
MMDCDXLIII
MMDCDXLIV
MMDCDXLV
MMDCDXLVI
MMDCDXLVII
MMDCDXLVIII
MMDCDXLIX
MMDCDL
MMDCDLI
MMDCDLII
MMDCDLIII
MMDCDLIV
MMDCDLV
MMDCDLVI
MMDCDLVII
MMDCDLVIII
MMDCDLIX
MMDCDLX
MMDCDLXI
MMDCDLXII
MMDCDLXIII
MMDCDLXIV
MMDCDLXV
MMDCDLXVI
MMDCDLXVII
MMDCDLXVIII
MMDCDLXIX
MMDCDLXX
MMDCDLXXI
MMDCDLXXII
MMDCDLXXIII
MMDCDLXXIV
MMDCDLXXV
MMDCDLXXVI
MMDCDLXXVII
MMDCDLXXVIII
MMDCDLXXIX
MMDCDLXXX
MMDCDLXXXI
MMDCDLXXXII
MMDCDLXXXIII
MMDCDLXXXIV
MMDCDLXXXV
MMDCDLXXXVI
MMDCDLXXXVII
MMDCDLXXXVIII
MMDCDLXXXIX
MMDCDXC
MMDCDXCI
MMDCDXCII
MMDCDXCIII
MMDCDXCIV
MMDCDXCV
MMDCDXCVI
MMDCDXCVII
MMDCDXCVIII
MMDCDXCIX
MMM
