This is pdfTeX, Version 3.1415926-1.40.10 (MiKTeX 2.8) (preloaded format=latex 2010.8.2)  7 FEB 2011 01:45
entering extended mode
**\makeatletter\def\HCode{\futurelet\HCode\HChar}\def\HChar{\ifx\HCode\def\HCod
e##1{\Link##1}\expandafter\HCode\else\expandafter\Link\fi}\def\Link#1.a.b.c.{\g
@addto@macro\@documentclasshook{\RequirePackage[#1,xhtml,ooffice]{tex4ht}}\let\
HCode\documentstyle\def\documentstyle{\let\documentstyle\HCode\expandafter\def\
csname tex4ht\endcsname{#1,xhtml,ooffice}\def\HCode####1{\documentstyle[tex4ht,
}\@ifnextchar[{\HCode}{\documentstyle[tex4ht]}}}\makeatother\HCode .a.b.c.\inpu
t  list.tex
(C:\Users\Администратор\Desktop\latex\list.tex
("C:\Program Files (x86)\MiKTeX 2.8\tex\latex\base\article.cls"
Document Class: article 2007/10/19 v1.4h Standard LaTeX document class
("C:\Program Files (x86)\MiKTeX 2.8\tex\latex\base\size10.clo"
File: size10.clo 2007/10/19 v1.4h Standard LaTeX file (size option)
)
\c@part=\count79
\c@section=\count80
\c@subsection=\count81
\c@subsubsection=\count82
\c@paragraph=\count83
\c@subparagraph=\count84
\c@figure=\count85
\c@table=\count86
\abovecaptionskip=\skip41
\belowcaptionskip=\skip42
\bibindent=\dimen102
)
("C:\Program Files (x86)\MiKTeX 2.8\tex\generic\tex4ht\tex4ht.sty"
version 2008-10-27-17:23
Package: tex4ht 
--------------------------------------
--- Note --- for _ at preamble, use the command line option `early_'
--------------------------------------
--------------------------------------
--- Note --- for ^ at preamble, use the command line option `early^'
--------------------------------------
\tmp:toks=\toks14
)
("C:\Program Files (x86)\MiKTeX 2.8\tex\generic\tex4ht\usepackage.4ht"
version 2009-05-21-09:32
)
("C:\Program Files (x86)\MiKTeX 2.8\tex\latex\base\fontenc.sty"
Package: fontenc 2005/09/27 v1.99g Standard LaTeX package

("C:\Program Files (x86)\MiKTeX 2.8\tex\latex\cyrillic\t2aenc.def"
File: t2aenc.def 2005/09/27 v1.0i Cyrillic encoding definition file
)
LaTeX Font Info:    Try loading font information for T2A+cmr on input line 100.


("C:\Program Files (x86)\MiKTeX 2.8\tex\latex\cyrillic\t2acmr.fd"
File: t2acmr.fd 2001/08/11 v1.0a Computer Modern Cyrillic font definitions
))
("C:\Program Files (x86)\MiKTeX 2.8\tex\latex\base\inputenc.sty"
Package: inputenc 2008/03/30 v1.1d Input encoding file
\inpenc@prehook=\toks15
\inpenc@posthook=\toks16

("C:\Program Files (x86)\MiKTeX 2.8\tex\latex\cyrillic\cp1251.def"
File: cp1251.def 1999/11/16 v1.0d Input encoding file
))
("C:\Program Files (x86)\MiKTeX 2.8\tex\generic\babel\babel.sty"
Package: babel 2008/07/06 v3.8l The Babel package

*************************************
* Local config file bblopts.cfg used
*
("C:\Program Files (x86)\MiKTeX 2.8\tex\latex\00miktex\bblopts.cfg"
File: bblopts.cfg 2006/07/31 v1.0 MiKTeX 'babel' configuration
)
("C:\Program Files (x86)\MiKTeX 2.8\tex\generic\babel\english.ldf"
Language: english 2005/03/30 v3.3o English support from the babel system

("C:\Program Files (x86)\MiKTeX 2.8\tex\generic\babel\babel.def"
File: babel.def 2008/07/06 v3.8l Babel common definitions
\babel@savecnt=\count87
\U@D=\dimen103
)
\l@canadian = a dialect from \language\l@american 
\l@australian = a dialect from \language\l@british 
\l@newzealand = a dialect from \language\l@british 
)
("C:\Program Files (x86)\MiKTeX 2.8\tex\generic\babel\russianb.ldf"
Language: russianb 2008/03/21 v1.1r Russian support from the babel system


Package babel Warning: No hyphenation patterns were loaded for
(babel)                the language `Russian'
(babel)                I will use the patterns loaded for \language=0 instead.

\l@russian = a dialect from \language0
Package babel Info: Making " an active character on input line 199.
)) ("C:\Program Files (x86)\MiKTeX 2.8\tex\latex\ams\math\amsmath.sty"
Package: amsmath 2000/07/18 v2.13 AMS math features
\@mathmargin=\skip43

For additional information on amsmath, use the `?' option.
("C:\Program Files (x86)\MiKTeX 2.8\tex\latex\ams\math\amstext.sty"
Package: amstext 2000/06/29 v2.01

("C:\Program Files (x86)\MiKTeX 2.8\tex\latex\ams\math\amsgen.sty"
File: amsgen.sty 1999/11/30 v2.0
\@emptytoks=\toks17
\ex@=\dimen104
))
("C:\Program Files (x86)\MiKTeX 2.8\tex\latex\ams\math\amsbsy.sty"
Package: amsbsy 1999/11/29 v1.2d
\pmbraise@=\dimen105
)
("C:\Program Files (x86)\MiKTeX 2.8\tex\latex\ams\math\amsopn.sty"
Package: amsopn 1999/12/14 v2.01 operator names
)
\inf@bad=\count88
LaTeX Info: Redefining \frac on input line 211.
\uproot@=\count89
\leftroot@=\count90
LaTeX Info: Redefining \overline on input line 307.
\classnum@=\count91
\DOTSCASE@=\count92
LaTeX Info: Redefining \ldots on input line 379.
LaTeX Info: Redefining \dots on input line 382.
LaTeX Info: Redefining \cdots on input line 467.
\Mathstrutbox@=\box26
\strutbox@=\box27
\big@size=\dimen106
LaTeX Font Info:    Redeclaring font encoding OML on input line 567.
LaTeX Font Info:    Redeclaring font encoding OMS on input line 568.
\macc@depth=\count93
\c@MaxMatrixCols=\count94
\dotsspace@=\muskip10
\c@parentequation=\count95
\dspbrk@lvl=\count96
\tag@help=\toks18
\row@=\count97
\column@=\count98
\maxfields@=\count99
\andhelp@=\toks19
\eqnshift@=\dimen107
\alignsep@=\dimen108
\tagshift@=\dimen109
\tagwidth@=\dimen110
\totwidth@=\dimen111
\lineht@=\dimen112
\@envbody=\toks20
\multlinegap=\skip44
\multlinetaggap=\skip45
\mathdisplay@stack=\toks21
LaTeX Info: Redefining \[ on input line 2666.
LaTeX Info: Redefining \] on input line 2667.
)
("C:\Program Files (x86)\MiKTeX 2.8\tex\latex\amsfonts\amssymb.sty"
Package: amssymb 2009/06/22 v3.00

("C:\Program Files (x86)\MiKTeX 2.8\tex\latex\amsfonts\amsfonts.sty"
Package: amsfonts 2009/06/22 v3.00 Basic AMSFonts support
\symAMSa=\mathgroup4
\symAMSb=\mathgroup5
LaTeX Font Info:    Overwriting math alphabet `\mathfrak' in version `bold'
(Font)                  U/euf/m/n --> U/euf/b/n on input line 96.
))
("C:\Program Files (x86)\MiKTeX 2.8\tex\latex\ams\classes\amsthm.sty"
Package: amsthm 2004/08/06 v2.20
\thm@style=\toks22
\thm@bodyfont=\toks23
\thm@headfont=\toks24
\thm@notefont=\toks25
\thm@headpunct=\toks26
\thm@preskip=\skip46
\thm@postskip=\skip47
\thm@headsep=\skip48
\dth@everypar=\toks27
)
("C:\Program Files (x86)\MiKTeX 2.8\tex\generic\tex4ht\tex4ht.4ht"
version 2009-01-07-07:11
--------------------------------------
--- Note --- for additional information, use the command line option `info'
--------------------------------------

::::::::::::::::::::::::::::::::::::::::::
 TeX4ht info is available in the log file 
::::::::::::::::::::::::::::::::::::::::::
) ("C:\Program Files (x86)\MiKTeX 2.8\tex\generic\tex4ht\tex4ht.sty"
version 2008-10-27-17:23

--- needs --- tex4ht list ---
\tmp:cnt=\count100
(C:\Users\Администратор\Desktop\latex\list.tmp)
\tmp:dim=\skip49

(C:\Users\Администратор\Desktop\latex\list.xref)
\:refout=\write3

("C:\Program Files (x86)\MiKTeX 2.8\tex\generic\tex4ht\ooffice.4ht"
version 2009-06-11-09:32
)
("C:\Program Files (x86)\MiKTeX 2.8\tex\generic\tex4ht\unicode.4ht"
version 2009-02-23-20:45
)
("C:\Program Files (x86)\MiKTeX 2.8\tex\generic\tex4ht\mathml.4ht"
version 2009-04-18-11:08
)
("C:\Program Files (x86)\MiKTeX 2.8\tex\generic\tex4ht\ooffice-mml.4ht"
version 2009-06-11-09:32
)
--------------------------------------
--- Note --- for marking of the base font, use the command line option `fonts+'

--------------------------------------
--------------------------------------
--- Note --- for non active _, use the command line option `no_'
--------------------------------------
--------------------------------------
--- Note --- for _ of catcode 13, use the command line option `_13'
--------------------------------------
--------------------------------------
--- Note --- for non active ^, use the command line option `no^'
--------------------------------------
--------------------------------------
--- Note --- for ^ of catcode 13, use the command line option `^13'
--------------------------------------

("C:\Program Files (x86)\MiKTeX 2.8\tex\generic\tex4ht\ooffice.4ht"
version 2009-06-11-09:32
--------------------------------------
--- Note --- for end notes instead of footnotes, use the command line option `e
ndnotes'
--------------------------------------
--------------------------------------
--- Note --- to request links from the tables of contents, use the command line
 option from `TocLink'
--------------------------------------
)
("C:\Program Files (x86)\MiKTeX 2.8\tex\generic\tex4ht\unicode.4ht"
version 2009-02-23-20:45
)
("C:\Program Files (x86)\MiKTeX 2.8\tex\generic\tex4ht\mathml.4ht"
version 2009-04-18-11:08
)
("C:\Program Files (x86)\MiKTeX 2.8\tex\generic\tex4ht\ooffice-mml.4ht"
version 2009-06-11-09:32
)
\:tokwrite=\toks28
\:tokpage=\toks29
--------------------------------------
--- Note --- for back links to toc, use the command line option `sections+'
--------------------------------------
--------------------------------------
--- Note --- for linear crosslinks of pages, use the command line option `next'

--------------------------------------
\:tocout=\write4

("C:\Program Files (x86)\MiKTeX 2.8\tex\generic\tex4ht\ooffice.4ht"
version 2009-06-11-09:32
)
("C:\Program Files (x86)\MiKTeX 2.8\tex\generic\tex4ht\unicode.4ht"
version 2009-02-23-20:45
)
("C:\Program Files (x86)\MiKTeX 2.8\tex\generic\tex4ht\mathml.4ht"
version 2009-04-18-11:08
)
("C:\Program Files (x86)\MiKTeX 2.8\tex\generic\tex4ht\ooffice-mml.4ht"
version 2009-06-11-09:32
)
("C:\Program Files (x86)\MiKTeX 2.8\tex\generic\tex4ht\latex.4ht"
version 2009-05-21-09:32

("C:\Program Files (x86)\MiKTeX 2.8\tex\generic\tex4ht\ooffice.4ht"
version 2009-06-11-09:32
--------------------------------------
--- Note --- for enumerated list elements with valued data, use the command lin
e option `enumerate+'
--------------------------------------
--------------------------------------
--- Note --- to hide clickable index and bibliography references use the comman
d line option `hidden-ref'
--------------------------------------
\tmp:bx=\box28
)
("C:\Program Files (x86)\MiKTeX 2.8\tex\generic\tex4ht\unicode.4ht"
version 2009-02-23-20:45
)
("C:\Program Files (x86)\MiKTeX 2.8\tex\generic\tex4ht\mathml.4ht"
version 2009-04-18-11:08
)
("C:\Program Files (x86)\MiKTeX 2.8\tex\generic\tex4ht\ooffice-mml.4ht"
version 2009-06-11-09:32
--------------------------------------
--- Note --- for tab-based layoutof equation environment use the command line o
ption `tab-eq'
--------------------------------------
))
("C:\Program Files (x86)\MiKTeX 2.8\tex\generic\tex4ht\fontmath.4ht"
version 2009-05-21-09:32

("C:\Program Files (x86)\MiKTeX 2.8\tex\generic\tex4ht\ooffice.4ht"
version 2009-06-11-09:32
)
("C:\Program Files (x86)\MiKTeX 2.8\tex\generic\tex4ht\unicode.4ht"
version 2009-02-23-20:45
)
("C:\Program Files (x86)\MiKTeX 2.8\tex\generic\tex4ht\mathml.4ht"
version 2009-04-18-11:08
 [1

]
LaTeX Font Info:    Try loading font information for U+msa on input line 1375.

("C:\Program Files (x86)\MiKTeX 2.8\tex\latex\amsfonts\umsa.fd"
File: umsa.fd 2009/06/22 v3.00 AMS symbols A
)
LaTeX Font Info:    Try loading font information for U+msb on input line 1375.

("C:\Program Files (x86)\MiKTeX 2.8\tex\latex\amsfonts\umsb.fd"
File: umsb.fd 2009/06/22 v3.00 AMS symbols B
) [2] [3]
[4] [5] [6] [7] [8] [9] [10] [11] [12] [13] [14] [15] [16] [17] [18] [19]
[20] [21] [22] [23] [24] [25] [26] [27] [28] [29] [30] [31] [32] [33] [34]
[35] [36] [37] [38] [39] [40] [41] [42] [43] [44] [45] [46] [47] [48]
--------------------------------------
--- Note --- for sources failing to produce clean mathml code, try the command 
line option `mathml-'
--------------------------------------
 [49]
[50] [51] [52] [53])
("C:\Program Files (x86)\MiKTeX 2.8\tex\generic\tex4ht\ooffice-mml.4ht"
version 2009-06-11-09:32
))
("C:\Program Files (x86)\MiKTeX 2.8\tex\generic\tex4ht\article.4ht"
version 2009-05-21-09:32

("C:\Program Files (x86)\MiKTeX 2.8\tex\generic\tex4ht\ooffice.4ht"
version 2009-06-11-09:32
--------------------------------------
--- Note --- for a degraded bibliography friendlier for conversion to .doc, use
 the command line option `bib-'
--------------------------------------
)
("C:\Program Files (x86)\MiKTeX 2.8\tex\generic\tex4ht\unicode.4ht"
version 2009-02-23-20:45
)
("C:\Program Files (x86)\MiKTeX 2.8\tex\generic\tex4ht\mathml.4ht"
version 2009-04-18-11:08
)
("C:\Program Files (x86)\MiKTeX 2.8\tex\generic\tex4ht\ooffice-mml.4ht"
version 2009-06-11-09:32
))
("C:\Program Files (x86)\MiKTeX 2.8\tex\generic\tex4ht\inputenc.4ht"
version 2009-05-21-09:32

("C:\Program Files (x86)\MiKTeX 2.8\tex\generic\tex4ht\ooffice.4ht"
version 2009-06-11-09:32
)
("C:\Program Files (x86)\MiKTeX 2.8\tex\generic\tex4ht\unicode.4ht"
version 2009-02-23-20:45
)
("C:\Program Files (x86)\MiKTeX 2.8\tex\generic\tex4ht\mathml.4ht"
version 2009-04-18-11:08
)
("C:\Program Files (x86)\MiKTeX 2.8\tex\generic\tex4ht\ooffice-mml.4ht"
version 2009-06-11-09:32
))
("C:\Program Files (x86)\MiKTeX 2.8\tex\generic\tex4ht\babel.4ht"
version 2009-05-21-09:32

("C:\Program Files (x86)\MiKTeX 2.8\tex\generic\tex4ht\ooffice.4ht"
version 2009-06-11-09:32
)
("C:\Program Files (x86)\MiKTeX 2.8\tex\generic\tex4ht\unicode.4ht"
version 2009-02-23-20:45
)
("C:\Program Files (x86)\MiKTeX 2.8\tex\generic\tex4ht\mathml.4ht"
version 2009-04-18-11:08
)
("C:\Program Files (x86)\MiKTeX 2.8\tex\generic\tex4ht\ooffice-mml.4ht"
version 2009-06-11-09:32
))
("C:\Program Files (x86)\MiKTeX 2.8\tex\generic\tex4ht\english.4ht"
version 2009-05-21-09:32

("C:\Program Files (x86)\MiKTeX 2.8\tex\generic\tex4ht\ooffice.4ht"
version 2009-06-11-09:32
)
("C:\Program Files (x86)\MiKTeX 2.8\tex\generic\tex4ht\unicode.4ht"
version 2009-02-23-20:45
)
("C:\Program Files (x86)\MiKTeX 2.8\tex\generic\tex4ht\mathml.4ht"
version 2009-04-18-11:08
)
("C:\Program Files (x86)\MiKTeX 2.8\tex\generic\tex4ht\ooffice-mml.4ht"
version 2009-06-11-09:32
))
("C:\Program Files (x86)\MiKTeX 2.8\tex\generic\tex4ht\russianb.4ht"
version 2009-05-21-09:32

("C:\Program Files (x86)\MiKTeX 2.8\tex\generic\tex4ht\ooffice.4ht"
version 2009-06-11-09:32
)
("C:\Program Files (x86)\MiKTeX 2.8\tex\generic\tex4ht\unicode.4ht"
version 2009-02-23-20:45
)
("C:\Program Files (x86)\MiKTeX 2.8\tex\generic\tex4ht\mathml.4ht"
version 2009-04-18-11:08
)
("C:\Program Files (x86)\MiKTeX 2.8\tex\generic\tex4ht\ooffice-mml.4ht"
version 2009-06-11-09:32
))
("C:\Program Files (x86)\MiKTeX 2.8\tex\generic\tex4ht\amsmath.4ht"
version 2009-05-21-09:32
\tmp:muskip=\muskip11

("C:\Program Files (x86)\MiKTeX 2.8\tex\generic\tex4ht\ooffice.4ht"
version 2009-06-11-09:32
)
("C:\Program Files (x86)\MiKTeX 2.8\tex\generic\tex4ht\unicode.4ht"
version 2009-02-23-20:45
)
("C:\Program Files (x86)\MiKTeX 2.8\tex\generic\tex4ht\mathml.4ht"
version 2009-04-18-11:08
)
("C:\Program Files (x86)\MiKTeX 2.8\tex\generic\tex4ht\ooffice-mml.4ht"
version 2009-06-11-09:32
--------------------------------------
--- Note --- for tab-based layout of equation environment use the command line 
option `tab-eq'
--------------------------------------
))
("C:\Program Files (x86)\MiKTeX 2.8\tex\generic\tex4ht\amstext.4ht"
version 2009-05-21-09:32

("C:\Program Files (x86)\MiKTeX 2.8\tex\generic\tex4ht\ooffice.4ht"
version 2009-06-11-09:32
)
("C:\Program Files (x86)\MiKTeX 2.8\tex\generic\tex4ht\unicode.4ht"
version 2009-02-23-20:45
)
("C:\Program Files (x86)\MiKTeX 2.8\tex\generic\tex4ht\mathml.4ht"
version 2009-04-18-11:08
)
("C:\Program Files (x86)\MiKTeX 2.8\tex\generic\tex4ht\ooffice-mml.4ht"
version 2009-06-11-09:32
))
("C:\Program Files (x86)\MiKTeX 2.8\tex\generic\tex4ht\amsbsy.4ht"
version 2009-05-21-09:32

("C:\Program Files (x86)\MiKTeX 2.8\tex\generic\tex4ht\ooffice.4ht"
version 2009-06-11-09:32
)
("C:\Program Files (x86)\MiKTeX 2.8\tex\generic\tex4ht\unicode.4ht"
version 2009-02-23-20:45
)
("C:\Program Files (x86)\MiKTeX 2.8\tex\generic\tex4ht\mathml.4ht"
version 2009-04-18-11:08
)
("C:\Program Files (x86)\MiKTeX 2.8\tex\generic\tex4ht\ooffice-mml.4ht"
version 2009-06-11-09:32
))
("C:\Program Files (x86)\MiKTeX 2.8\tex\generic\tex4ht\amsopn.4ht"
version 2009-05-21-09:32

("C:\Program Files (x86)\MiKTeX 2.8\tex\generic\tex4ht\ooffice.4ht"
version 2009-06-11-09:32
)
("C:\Program Files (x86)\MiKTeX 2.8\tex\generic\tex4ht\unicode.4ht"
version 2009-02-23-20:45
)
("C:\Program Files (x86)\MiKTeX 2.8\tex\generic\tex4ht\mathml.4ht"
version 2009-04-18-11:08
)
("C:\Program Files (x86)\MiKTeX 2.8\tex\generic\tex4ht\ooffice-mml.4ht"
version 2009-06-11-09:32
))
("C:\Program Files (x86)\MiKTeX 2.8\tex\generic\tex4ht\amssymb.4ht"
version 2009-05-21-09:32

("C:\Program Files (x86)\MiKTeX 2.8\tex\generic\tex4ht\ooffice.4ht"
version 2009-06-11-09:32
)
("C:\Program Files (x86)\MiKTeX 2.8\tex\generic\tex4ht\unicode.4ht"
version 2009-02-23-20:45
)
("C:\Program Files (x86)\MiKTeX 2.8\tex\generic\tex4ht\mathml.4ht"
version 2009-04-18-11:08
 [54]
[55] [56] [57] [58] [59] [60] [61] [62] [63] [64] [65] [66] [67] [68] [69]
[70] [71] [72] [73] [74] [75] [76] [77] [78] [79] [80] [81] [82] [83] [84]
[85] [86] [87] [88] [89] [90] [91] [92] [93] [94] [95] [96] [97] [98] [99]
[100] [101] [102] [103] [104] [105] [106] [107] [108] [109] [110] [111]
[112] [113] [114] [115] [116] [117] [118] [119] [120] [121] [122] [123]
[124] [125] [126] [127] [128] [129] [130] [131] [132] [133] [134] [135]
[136] [137] [138] [139] [140] [141] [142] [143] [144] [145] [146] [147]
[148] [149] [150] [151] [152] [153] [154] [155] [156] [157] [158] [159]
[160] [161] [162] [163] [164] [165] [166] [167] [168] [169] [170] [171]
[172] [173] [174] [175] [176] [177] [178] [179] [180] [181] [182] [183]
[184] [185] [186] [187] [188] [189] [190] [191] [192] [193] [194] [195]
[196] [197] [198] [199] [200] [201] [202] [203] [204] [205] [206] [207]
[208] [209] [210] [211] [212] [213] [214] [215] [216] [217] [218] [219]
[220] [221] [222] [223] [224] [225] [226] [227] [228] [229] [230] [231]
[232] [233] [234] [235] [236] [237] [238] [239] [240] [241] [242] [243]
[244] [245] [246] [247] [248] [249] [250] [251] [252] [253] [254] [255]
[256] [257])
("C:\Program Files (x86)\MiKTeX 2.8\tex\generic\tex4ht\ooffice-mml.4ht"
version 2009-06-11-09:32
))
("C:\Program Files (x86)\MiKTeX 2.8\tex\generic\tex4ht\amsfonts.4ht"
version 2009-05-21-09:32

("C:\Program Files (x86)\MiKTeX 2.8\tex\generic\tex4ht\ooffice.4ht"
version 2009-06-11-09:32
)
("C:\Program Files (x86)\MiKTeX 2.8\tex\generic\tex4ht\unicode.4ht"
version 2009-02-23-20:45
)
("C:\Program Files (x86)\MiKTeX 2.8\tex\generic\tex4ht\mathml.4ht"
version 2009-04-18-11:08
)
("C:\Program Files (x86)\MiKTeX 2.8\tex\generic\tex4ht\ooffice-mml.4ht"
version 2009-06-11-09:32
))
("C:\Program Files (x86)\MiKTeX 2.8\tex\generic\tex4ht\amsthm.4ht"
version 2009-05-21-09:32

("C:\Program Files (x86)\MiKTeX 2.8\tex\generic\tex4ht\ooffice.4ht"
version 2009-06-11-09:32
)
("C:\Program Files (x86)\MiKTeX 2.8\tex\generic\tex4ht\unicode.4ht"
version 2009-02-23-20:45
)
("C:\Program Files (x86)\MiKTeX 2.8\tex\generic\tex4ht\mathml.4ht"
version 2009-04-18-11:08
)
("C:\Program Files (x86)\MiKTeX 2.8\tex\generic\tex4ht\ooffice-mml.4ht"
version 2009-06-11-09:32
))
("C:\Program Files (x86)\MiKTeX 2.8\tex\generic\tex4ht\ooffice.4ht"
version 2009-06-11-09:32
)
("C:\Program Files (x86)\MiKTeX 2.8\tex\generic\tex4ht\unicode.4ht"
version 2009-02-23-20:45
)
("C:\Program Files (x86)\MiKTeX 2.8\tex\generic\tex4ht\mathml.4ht"
version 2009-04-18-11:08
)
("C:\Program Files (x86)\MiKTeX 2.8\tex\generic\tex4ht\ooffice-mml.4ht"
version 2009-06-11-09:32
))
(C:\Users\Администратор\Desktop\latex\list.aux)
LaTeX Font Info:    Checking defaults for OML/cmm/m/it on input line 28.
LaTeX Font Info:    ... okay on input line 28.
LaTeX Font Info:    Checking defaults for T1/cmr/m/n on input line 28.
LaTeX Font Info:    ... okay on input line 28.
LaTeX Font Info:    Checking defaults for OT1/cmr/m/n on input line 28.
LaTeX Font Info:    ... okay on input line 28.
LaTeX Font Info:    Checking defaults for OMS/cmsy/m/n on input line 28.
LaTeX Font Info:    ... okay on input line 28.
LaTeX Font Info:    Checking defaults for OMX/cmex/m/n on input line 28.
LaTeX Font Info:    ... okay on input line 28.
LaTeX Font Info:    Checking defaults for U/cmr/m/n on input line 28.
LaTeX Font Info:    ... okay on input line 28.
LaTeX Font Info:    Checking defaults for T2A/cmr/m/n on input line 28.
LaTeX Font Info:    ... okay on input line 28.
--- file list-m2.4om ---
 [1]
--- file list-m3.4om ---
--- file list-m4.4om ---
--- file list-m5.4om ---
--- file list-m6.4om ---
--- file list-m7.4om ---
--- file list-m8.4om ---
--- file list-m9.4om ---
--- file list-m10.4om ---
--- file list-m11.4om ---
--- file list-m12.4om ---
--- file list-m13.4om ---
--- file list-m14.4om ---
--- file list-m15.4om ---
--- file list-m16.4om ---
--- file list-m17.4om ---
--- file list-m18.4om ---
--- file list-m19.4om ---
--- file list-m20.4om ---
--- file list-m21.4om ---
--- file list-m22.4om ---
--- file list-m23.4om ---
--- file list-m24.4om ---
 [2

]
--- file list-m25.4om ---
--- file list-m26.4om ---
--- file list-m27.4om ---
--- file list-m28.4om ---
--- file list-m29.4om ---
--- file list-m30.4om ---
 [3]
(C:\Users\Администратор\Desktop\latex\list.aux) ) 
Here is how much of TeX's memory you used:
 6727 strings out of 495286
 81677 string characters out of 3179878
 286768 words of memory out of 3000000
 9734 multiletter control sequences out of 15000+200000
 8893 words of font info for 32 fonts, out of 3000000 for 9000
 14 hyphenation exceptions out of 8191
 34i,6n,34p,719b,465s stack positions out of 5000i,500n,10000p,200000b,50000s

Output written on list.dvi (260 pages, 158480 bytes).
